<?xml version="1.0" encoding="UTF-8"?>
<!-- Generated by org.testng.reporters.JUnitReportReporter -->
<testsuite hostname="DESKTOP-AQBPM2K" failures="0" tests="3" name="WebDrivermanger.weddrivermanger.Dataprovider" time="9.434" errors="0" timestamp="2021-11-16T09:52:18 IST" skipped="0">
  <testcase classname="WebDrivermanger.weddrivermanger.Dataprovider" name="testMethod" time="3.153"/>
  <system-out/>
  <testcase classname="WebDrivermanger.weddrivermanger.Dataprovider" name="testMethod" time="3.139"/>
  <system-out/>
  <testcase classname="WebDrivermanger.weddrivermanger.Dataprovider" name="testMethod" time="3.142"/>
  <system-out/>
</testsuite> <!-- WebDrivermanger.weddrivermanger.Dataprovider -->
