<?xml version="1.0" encoding="UTF-8"?>
<!-- Generated by org.testng.reporters.JUnitReportReporter -->
<testsuite hostname="DESKTOP-AQBPM2K" failures="0" tests="1" name="WebDrivermanger.weddrivermanger.Extent" time="0.564" errors="0" timestamp="2021-11-14T20:22:55 IST" skipped="0">
  <testcase classname="WebDrivermanger.weddrivermanger.Extent" name="f" time="0.564"/>
  <system-out/>
</testsuite> <!-- WebDrivermanger.weddrivermanger.Extent -->
