<?xml version="1.0" encoding="UTF-8"?>
<!-- Generated by org.testng.reporters.JUnitReportReporter -->
<testsuite hostname="DESKTOP-AQBPM2K" failures="0" tests="1" name="WebDrivermanger.weddrivermanger.NewTest" time="0.012" errors="0" timestamp="2021-11-14T11:57:31 IST" skipped="0">
  <testcase classname="WebDrivermanger.weddrivermanger.NewTest" name="test4" time="0.012"/>
  <system-out/>
</testsuite> <!-- WebDrivermanger.weddrivermanger.NewTest -->
