<?xml version="1.0" encoding="UTF-8"?>
<!-- Generated by org.testng.reporters.JUnitReportReporter -->
<testsuite hostname="DESKTOP-AQBPM2K" failures="0" tests="2" name="WebDrivermanger.weddrivermanger.NewTest1" time="0.008" errors="0" timestamp="2021-11-16T16:28:29 IST" skipped="0">
  <testcase classname="WebDrivermanger.weddrivermanger.NewTest1" name="f1" time="0.001"/>
  <system-out/>
  <testcase classname="WebDrivermanger.weddrivermanger.NewTest1" name="f" time="0.007"/>
  <system-out/>
</testsuite> <!-- WebDrivermanger.weddrivermanger.NewTest1 -->
